Determining if the pthread_create exist failed with the following output:
Change Dir: /home/mejo6715/Hiwi/Kinect_Daemon/rgbd-calib/cmake-build-debug/CMakeFiles/CMakeTmp

Run Build Command:"/usr/bin/make" "cmTC_c2374/fast"
make: Warning: File 'Makefile' has modification time 0.011 s in the future
/usr/bin/make -f CMakeFiles/cmTC_c2374.dir/build.make CMakeFiles/cmTC_c2374.dir/build
make[1]: Entering directory '/home/mejo6715/Hiwi/Kinect_Daemon/rgbd-calib/cmake-build-debug/CMakeFiles/CMakeTmp'
make[1]: Warning: File 'CMakeFiles/cmTC_c2374.dir/flags.make' has modification time 0.0057 s in the future
Building C object CMakeFiles/cmTC_c2374.dir/CheckSymbolExists.c.o
/usr/bin/cc    -o CMakeFiles/cmTC_c2374.dir/CheckSymbolExists.c.o   -c /home/mejo6715/Hiwi/Kinect_Daemon/rgbd-calib/cmake-build-debug/CMakeFiles/CMakeTmp/CheckSymbolExists.c
Linking C executable cmTC_c2374
/home/mejo6715/Programs/clion/bin/cmake/bin/cmake -E cmake_link_script CMakeFiles/cmTC_c2374.dir/link.txt --verbose=1
/usr/bin/cc      -rdynamic CMakeFiles/cmTC_c2374.dir/CheckSymbolExists.c.o  -o cmTC_c2374 
CMakeFiles/cmTC_c2374.dir/CheckSymbolExists.c.o: In function `main':
CheckSymbolExists.c:(.text+0x16): undefined reference to `pthread_create'
collect2: error: ld returned 1 exit status
CMakeFiles/cmTC_c2374.dir/build.make:97: recipe for target 'cmTC_c2374' failed
make[1]: *** [cmTC_c2374] Error 1
make[1]: Leaving directory '/home/mejo6715/Hiwi/Kinect_Daemon/rgbd-calib/cmake-build-debug/CMakeFiles/CMakeTmp'
Makefile:126: recipe for target 'cmTC_c2374/fast' failed
make: *** [cmTC_c2374/fast] Error 2

File /home/mejo6715/Hiwi/Kinect_Daemon/rgbd-calib/cmake-build-debug/CMakeFiles/CMakeTmp/CheckSymbolExists.c:
/* */
#include <pthread.h>

int main(int argc, char** argv)
{
  (void)argv;
#ifndef pthread_create
  return ((int*)(&pthread_create))[argc];
#else
  (void)argc;
  return 0;
#endif
}

Determining if the function pthread_create exists in the pthreads failed with the following output:
Change Dir: /home/mejo6715/Hiwi/Kinect_Daemon/rgbd-calib/cmake-build-debug/CMakeFiles/CMakeTmp

Run Build Command:"/usr/bin/make" "cmTC_12c28/fast"
make: Warning: File 'Makefile' has modification time 0.028 s in the future
/usr/bin/make -f CMakeFiles/cmTC_12c28.dir/build.make CMakeFiles/cmTC_12c28.dir/build
make[1]: Entering directory '/home/mejo6715/Hiwi/Kinect_Daemon/rgbd-calib/cmake-build-debug/CMakeFiles/CMakeTmp'
make[1]: Warning: File 'CMakeFiles/cmTC_12c28.dir/flags.make' has modification time 0.026 s in the future
Building C object CMakeFiles/cmTC_12c28.dir/CheckFunctionExists.c.o
/usr/bin/cc   -DCHECK_FUNCTION_EXISTS=pthread_create   -o CMakeFiles/cmTC_12c28.dir/CheckFunctionExists.c.o   -c /home/mejo6715/Programs/clion/bin/cmake/share/cmake-3.8/Modules/CheckFunctionExists.c
Linking C executable cmTC_12c28
/home/mejo6715/Programs/clion/bin/cmake/bin/cmake -E cmake_link_script CMakeFiles/cmTC_12c28.dir/link.txt --verbose=1
/usr/bin/cc  -DCHECK_FUNCTION_EXISTS=pthread_create    -rdynamic CMakeFiles/cmTC_12c28.dir/CheckFunctionExists.c.o  -o cmTC_12c28 -lpthreads 
/usr/bin/ld: cannot find -lpthreads
collect2: error: ld returned 1 exit status
CMakeFiles/cmTC_12c28.dir/build.make:97: recipe for target 'cmTC_12c28' failed
make[1]: *** [cmTC_12c28] Error 1
make[1]: Leaving directory '/home/mejo6715/Hiwi/Kinect_Daemon/rgbd-calib/cmake-build-debug/CMakeFiles/CMakeTmp'
Makefile:126: recipe for target 'cmTC_12c28/fast' failed
make: *** [cmTC_12c28/fast] Error 2


Determining if the function glXGetProcAddressEXT exists failed with the following output:
Change Dir: /home/mejo6715/Hiwi/Kinect_Daemon/rgbd-calib/cmake-build-debug/CMakeFiles/CMakeTmp

Run Build Command:"/usr/bin/make" "cmTC_3c057/fast"
make: Warning: File 'Makefile' has modification time 0.025 s in the future
/usr/bin/make -f CMakeFiles/cmTC_3c057.dir/build.make CMakeFiles/cmTC_3c057.dir/build
make[1]: Entering directory '/home/mejo6715/Hiwi/Kinect_Daemon/rgbd-calib/cmake-build-debug/CMakeFiles/CMakeTmp'
make[1]: Warning: File 'CMakeFiles/cmTC_3c057.dir/flags.make' has modification time 0.019 s in the future
Building C object CMakeFiles/cmTC_3c057.dir/CheckFunctionExists.c.o
/usr/bin/cc   -DCHECK_FUNCTION_EXISTS=glXGetProcAddressEXT   -o CMakeFiles/cmTC_3c057.dir/CheckFunctionExists.c.o   -c /home/mejo6715/Programs/clion/bin/cmake/share/cmake-3.8/Modules/CheckFunctionExists.c
Linking C executable cmTC_3c057
/home/mejo6715/Programs/clion/bin/cmake/bin/cmake -E cmake_link_script CMakeFiles/cmTC_3c057.dir/link.txt --verbose=1
/usr/bin/cc  -DCHECK_FUNCTION_EXISTS=glXGetProcAddressEXT    -rdynamic CMakeFiles/cmTC_3c057.dir/CheckFunctionExists.c.o  -o cmTC_3c057 /usr/lib/x86_64-linux-gnu/libGL.so 
CMakeFiles/cmTC_3c057.dir/CheckFunctionExists.c.o: In function `main':
CheckFunctionExists.c:(.text+0x10): undefined reference to `glXGetProcAddressEXT'
collect2: error: ld returned 1 exit status
CMakeFiles/cmTC_3c057.dir/build.make:98: recipe for target 'cmTC_3c057' failed
make[1]: *** [cmTC_3c057] Error 1
make[1]: Leaving directory '/home/mejo6715/Hiwi/Kinect_Daemon/rgbd-calib/cmake-build-debug/CMakeFiles/CMakeTmp'
Makefile:126: recipe for target 'cmTC_3c057/fast' failed
make: *** [cmTC_3c057/fast] Error 2


