Determining if the pthread_create exist failed with the following output:
Change Dir: /home/tuje8374/rgbd/rgbd-calib/cmake/CMakeFiles/CMakeTmp

Run Build Command:"/usr/bin/make" "cmTryCompileExec1738243500/fast"
/usr/bin/make -f CMakeFiles/cmTryCompileExec1738243500.dir/build.make CMakeFiles/cmTryCompileExec1738243500.dir/build
make[1]: Entering directory `/home/tuje8374/rgbd/rgbd-calib/cmake/CMakeFiles/CMakeTmp'
/usr/bin/cmake -E cmake_progress_report /home/tuje8374/rgbd/rgbd-calib/cmake/CMakeFiles/CMakeTmp/CMakeFiles 1
Building C object CMakeFiles/cmTryCompileExec1738243500.dir/CheckSymbolExists.c.o
/usr/bin/cc    -o CMakeFiles/cmTryCompileExec1738243500.dir/CheckSymbolExists.c.o   -c /home/tuje8374/rgbd/rgbd-calib/cmake/CMakeFiles/CMakeTmp/CheckSymbolExists.c
Linking C executable cmTryCompileExec1738243500
/usr/bin/cmake -E cmake_link_script CMakeFiles/cmTryCompileExec1738243500.dir/link.txt --verbose=1
/usr/bin/cc       CMakeFiles/cmTryCompileExec1738243500.dir/CheckSymbolExists.c.o  -o cmTryCompileExec1738243500 -rdynamic 
CMakeFiles/cmTryCompileExec1738243500.dir/CheckSymbolExists.c.o: In function `main':
CheckSymbolExists.c:(.text+0x16): undefined reference to `pthread_create'
collect2: error: ld returned 1 exit status
make[1]: *** [cmTryCompileExec1738243500] Error 1
make[1]: Leaving directory `/home/tuje8374/rgbd/rgbd-calib/cmake/CMakeFiles/CMakeTmp'
make: *** [cmTryCompileExec1738243500/fast] Error 2

File /home/tuje8374/rgbd/rgbd-calib/cmake/CMakeFiles/CMakeTmp/CheckSymbolExists.c:
/* */
#include <pthread.h>

int main(int argc, char** argv)
{
  (void)argv;
#ifndef pthread_create
  return ((int*)(&pthread_create))[argc];
#else
  (void)argc;
  return 0;
#endif
}

Determining if the function pthread_create exists in the pthreads failed with the following output:
Change Dir: /home/tuje8374/rgbd/rgbd-calib/cmake/CMakeFiles/CMakeTmp

Run Build Command:"/usr/bin/make" "cmTryCompileExec561336066/fast"
/usr/bin/make -f CMakeFiles/cmTryCompileExec561336066.dir/build.make CMakeFiles/cmTryCompileExec561336066.dir/build
make[1]: Entering directory `/home/tuje8374/rgbd/rgbd-calib/cmake/CMakeFiles/CMakeTmp'
/usr/bin/cmake -E cmake_progress_report /home/tuje8374/rgbd/rgbd-calib/cmake/CMakeFiles/CMakeTmp/CMakeFiles 1
Building C object CMakeFiles/cmTryCompileExec561336066.dir/CheckFunctionExists.c.o
/usr/bin/cc   -DCHECK_FUNCTION_EXISTS=pthread_create   -o CMakeFiles/cmTryCompileExec561336066.dir/CheckFunctionExists.c.o   -c /usr/share/cmake-3.2/Modules/CheckFunctionExists.c
Linking C executable cmTryCompileExec561336066
/usr/bin/cmake -E cmake_link_script CMakeFiles/cmTryCompileExec561336066.dir/link.txt --verbose=1
/usr/bin/cc   -DCHECK_FUNCTION_EXISTS=pthread_create    CMakeFiles/cmTryCompileExec561336066.dir/CheckFunctionExists.c.o  -o cmTryCompileExec561336066 -rdynamic -lpthreads 
/usr/bin/ld: cannot find -lpthreads
collect2: error: ld returned 1 exit status
make[1]: Leaving directory `/home/tuje8374/rgbd/rgbd-calib/cmake/CMakeFiles/CMakeTmp'
make[1]: *** [cmTryCompileExec561336066] Error 1
make: *** [cmTryCompileExec561336066/fast] Error 2


Determining if the function glXGetProcAddressEXT exists failed with the following output:
Change Dir: /home/tuje8374/rgbd/rgbd-calib/cmake/CMakeFiles/CMakeTmp

Run Build Command:"/usr/bin/make" "cmTryCompileExec3900507941/fast"
/usr/bin/make -f CMakeFiles/cmTryCompileExec3900507941.dir/build.make CMakeFiles/cmTryCompileExec3900507941.dir/build
make[1]: Entering directory `/home/tuje8374/rgbd/rgbd-calib/cmake/CMakeFiles/CMakeTmp'
/usr/bin/cmake -E cmake_progress_report /home/tuje8374/rgbd/rgbd-calib/cmake/CMakeFiles/CMakeTmp/CMakeFiles 1
Building C object CMakeFiles/cmTryCompileExec3900507941.dir/CheckFunctionExists.c.o
/usr/bin/cc   -DCHECK_FUNCTION_EXISTS=glXGetProcAddressEXT   -o CMakeFiles/cmTryCompileExec3900507941.dir/CheckFunctionExists.c.o   -c /usr/share/cmake-3.2/Modules/CheckFunctionExists.c
Linking C executable cmTryCompileExec3900507941
/usr/bin/cmake -E cmake_link_script CMakeFiles/cmTryCompileExec3900507941.dir/link.txt --verbose=1
/usr/bin/cc   -DCHECK_FUNCTION_EXISTS=glXGetProcAddressEXT    CMakeFiles/cmTryCompileExec3900507941.dir/CheckFunctionExists.c.o  -o cmTryCompileExec3900507941 -rdynamic -lGL 
CMakeFiles/cmTryCompileExec3900507941.dir/CheckFunctionExists.c.o: In function `main':
CheckFunctionExists.c:(.text+0x15): undefined reference to `glXGetProcAddressEXT'
collect2: error: ld returned 1 exit status
make[1]: Leaving directory `/home/tuje8374/rgbd/rgbd-calib/cmake/CMakeFiles/CMakeTmp'
make[1]: *** [cmTryCompileExec3900507941] Error 1
make: *** [cmTryCompileExec3900507941/fast] Error 2


